#
# There is insufficient memory for the Java Runtime Environment to continue.
# Native memory allocation (malloc) failed to allocate 1048576 bytes for AllocateHeap
# Possible reasons:
#   The system is out of physical RAM or swap space
#   The process is running with CompressedOops enabled, and the Java Heap may be blocking the growth of the native heap
# Possible solutions:
#   Reduce memory load on the system
#   Increase physical memory or swap space
#   Check if swap backing store is full
#   Decrease Java heap size (-Xmx/-Xms)
#   Decrease number of Java threads
#   Decrease Java thread stack sizes (-Xss)
#   Set larger code cache with -XX:ReservedCodeCacheSize=
#   JVM is running with Unscaled Compressed Oops mode in which the Java heap is
#     placed in the first 4GB address space. The Java Heap base address is the
#     maximum limit for the native heap growth. Please use -XX:HeapBaseMinAddress
#     to set the Java Heap base and to place the Java Heap above 4GB virtual address.
# This output file may be truncated or incomplete.
#
#  Out of Memory Error (memory/allocation.inline.hpp:61), pid=1128, tid=0x0000000000002ac8
#
# JRE version:  (8.0_211-b12) (build )
# Java VM: Java HotSpot(TM) 64-Bit Server VM (25.211-b12 mixed mode windows-amd64 compressed oops)
# Failed to write core dump. Minidumps are not enabled by default on client versions of Windows
#

---------------  T H R E A D  ---------------

Current thread (0x00000000025ce800):  JavaThread "Unknown thread" [_thread_in_vm, id=10952, stack(0x0000000002470000,0x0000000002570000)]

Stack: [0x0000000002470000,0x0000000002570000]
[error occurred during error reporting (printing stack bounds), id 0xc0000005]

Native frames: (J=compiled Java code, j=interpreted, Vv=VM code, C=native code)


---------------  P R O C E S S  ---------------

Java Threads: ( => current thread )

Other Threads:

=>0x00000000025ce800 (exited) JavaThread "Unknown thread" [_thread_in_vm, id=10952, stack(0x0000000002470000,0x0000000002570000)]

VM state:not at safepoint (normal execution)

VM Mutex/Monitor currently owned by a thread: None

heap address: 0x00000000fc000000, size: 64 MB, Compressed Oops mode: 32-bit
Narrow klass base: 0x0000000000000000, Narrow klass shift: 3
Compressed class space size: 1073741824 Address: 0x0000000100000000

Heap:
 PSYoungGen      total 18944K, used 327K [0x00000000feb00000, 0x0000000100000000, 0x0000000100000000)
  eden space 16384K, 2% used [0x00000000feb00000,0x00000000feb51ec8,0x00000000ffb00000)
  from space 2560K, 0% used [0x00000000ffd80000,0x00000000ffd80000,0x0000000100000000)
  to   space 2560K, 0% used [0x00000000ffb00000,0x00000000ffb00000,0x00000000ffd80000)
 ParOldGen       total 44032K, used 0K [0x00000000fc000000, 0x00000000feb00000, 0x00000000feb00000)
  object space 44032K, 0% used [0x00000000fc000000,0x00000000fc000000,0x00000000feb00000)
 Metaspace       used 775K, capacity 4480K, committed 4480K, reserved 1056768K
  class space    used 76K, capacity 384K, committed 384K, reserved 1048576K

Card table byte_map: [0x0000000002400000,0x0000000002430000] byte_map_base: 0x0000000001c20000

Marking Bits: (ParMarkBitMap*) 0x0000000055455ce0
 Begin Bits: [0x0000000011e90000, 0x0000000011f90000)
 End Bits:   [0x0000000011f90000, 0x0000000012090000)

Polling page: 0x0000000000720000

CodeCache: size=245760Kb used=328Kb max_used=328Kb free=245431Kb
 bounds [0x00000000026d0000, 0x0000000002940000, 0x00000000116d0000]
 total_blobs=58 nmethods=0 adapters=38
 compilation: enabled

Compilation events (0 events):
No events

GC Heap History (0 events):
No events

Deoptimization events (0 events):
No events

Classes redefined (0 events):
No events

Internal exceptions (0 events):
No events

Events (10 events):
Event: 0.021 loading class java/lang/Short
Event: 0.021 loading class java/lang/Short done
Event: 0.021 loading class java/lang/Integer
Event: 0.021 loading class java/lang/Integer done
Event: 0.021 loading class java/lang/Long
Event: 0.021 loading class java/lang/Long done
Event: 0.022 loading class java/lang/NullPointerException
Event: 0.022 loading class java/lang/NullPointerException done
Event: 0.022 loading class java/lang/ArithmeticException
Event: 0.022 loading class java/lang/ArithmeticException done


Dynamic libraries:
0x00007ff68b260000 - 0x00007ff68b297000 	C:\Program Files\Java\jdk1.8.0_211\bin\java.exe
0x00007ff9e6b40000 - 0x00007ff9e6d30000 	C:\Windows\SYSTEM32\ntdll.dll
0x00007ff9e5f10000 - 0x00007ff9e5fc2000 	C:\Windows\System32\KERNEL32.DLL
0x00007ff9e3df0000 - 0x00007ff9e4094000 	C:\Windows\System32\KERNELBASE.dll
0x00007ff9e6130000 - 0x00007ff9e61d3000 	C:\Windows\System32\ADVAPI32.dll
0x00007ff9e5e70000 - 0x00007ff9e5f0e000 	C:\Windows\System32\msvcrt.dll
0x00007ff9e4bf0000 - 0x00007ff9e4c87000 	C:\Windows\System32\sechost.dll
0x00007ff9e5980000 - 0x00007ff9e5aa0000 	C:\Windows\System32\RPCRT4.dll
0x00007ff9e61e0000 - 0x00007ff9e6374000 	C:\Windows\System32\USER32.dll
0x00007ff9e4bc0000 - 0x00007ff9e4be1000 	C:\Windows\System32\win32u.dll
0x00007ff9e5ab0000 - 0x00007ff9e5ad6000 	C:\Windows\System32\GDI32.dll
0x00007ff9e3c50000 - 0x00007ff9e3de4000 	C:\Windows\System32\gdi32full.dll
0x00007ff9e4b20000 - 0x00007ff9e4bbe000 	C:\Windows\System32\msvcp_win.dll
0x00007ff9e41f0000 - 0x00007ff9e42ea000 	C:\Windows\System32\ucrtbase.dll
0x00007ff9d4900000 - 0x00007ff9d4b84000 	C:\Windows\WinSxS\amd64_microsoft.windows.common-controls_6595b64144ccf1df_6.0.18362.836_none_e6c4b943130f18ed\COMCTL32.dll
0x00007ff9e6520000 - 0x00007ff9e6856000 	C:\Windows\System32\combase.dll
0x00007ff9e3ba0000 - 0x00007ff9e3c20000 	C:\Windows\System32\bcryptPrimitives.dll
0x00007ff9e5de0000 - 0x00007ff9e5e0e000 	C:\Windows\System32\IMM32.DLL
0x00000000584d0000 - 0x00000000585a2000 	C:\Program Files\Java\jdk1.8.0_211\jre\bin\msvcr100.dll
0x0000000054c30000 - 0x00000000554d5000 	C:\Program Files\Java\jdk1.8.0_211\jre\bin\server\jvm.dll
0x00007ff9e4e10000 - 0x00007ff9e4e18000 	C:\Windows\System32\PSAPI.DLL
0x00007ff9e19d0000 - 0x00007ff9e19f4000 	C:\Windows\SYSTEM32\WINMM.dll
0x00007ff9df610000 - 0x00007ff9df61a000 	C:\Windows\SYSTEM32\VERSION.dll
0x00007ff9e04c0000 - 0x00007ff9e04c9000 	C:\Windows\SYSTEM32\WSOCK32.dll
0x00007ff9e6380000 - 0x00007ff9e63ef000 	C:\Windows\System32\WS2_32.dll
0x00007ff9e1950000 - 0x00007ff9e197d000 	C:\Windows\SYSTEM32\WINMMBASE.dll
0x00007ff9e3ad0000 - 0x00007ff9e3b1a000 	C:\Windows\System32\cfgmgr32.dll
0x00007ff9e0290000 - 0x00007ff9e029f000 	C:\Program Files\Java\jdk1.8.0_211\jre\bin\verify.dll
0x00007ff9df530000 - 0x00007ff9df559000 	C:\Program Files\Java\jdk1.8.0_211\jre\bin\java.dll
0x00007ff9df1d0000 - 0x00007ff9df1e6000 	C:\Program Files\Java\jdk1.8.0_211\jre\bin\zip.dll

VM Arguments:
jvm_args: -Xmx64m -Xms64m -Dorg.gradle.appname=gradlew 
java_command: org.gradle.wrapper.GradleWrapperMain app:installDebug -PreactNativeDevServerPort=8081
java_class_path (initial): C:\ctydelivery\android\\gradle\wrapper\gradle-wrapper.jar
Launcher Type: SUN_STANDARD

Environment Variables:
JAVA_HOME=C:\Program Files\Java\jdk1.8.0_211
CLASSPATH=C:\ctydelivery\android\\gradle\wrapper\gradle-wrapper.jar
PATH=C:\ctydelivery\android\node_modules\.bin;C:\ctydelivery\node_modules\.bin;C:\node_modules\.bin;C:\Program Files\nodejs;C:\ctydelivery\node_modules\.bin;C:\Python27\;C:\Python27\Scripts;C:\Windows\system32;C:\Windows;C:\Windows\System32\Wbem;C:\Windows\System32\WindowsPowerShell\v1.0\;C:\Windows\System32\OpenSSH\;C:\Program Files\Git\cmd;C:\ProgramData\chocolatey\bin;C:\Program Files\nodejs\;C:\Program Files\Java\jdk1.8.0_211\bin;c:\Users\Miklos\AppData\Local\Android\Sdk\platform-tools;C:\Program Files (x86)\Yarn\bin\;C:\openssl-0.9.8k_X64\bin;C:\Users\Miklos\AppData\Local\Microsoft\WindowsApps;C:\Users\Miklos\AppData\Local\Programs\Microsoft VS Code\bin;C:\Users\Miklos\AppData\Roaming\npm;C:\Users\Miklos\AppData\Local\Yarn\bin
USERNAME=Miklos
OS=Windows_NT
PROCESSOR_IDENTIFIER=Intel64 Family 6 Model 158 Stepping 9, GenuineIntel



---------------  S Y S T E M  ---------------

OS: Windows 10.0 , 64 bit Build 18362 (10.0.18362.778)

CPU:total 4 (initial active 4) (4 cores per cpu, 1 threads per core) family 6 model 158 stepping 9, cmov, cx8, fxsr, mmx, sse, sse2, sse3, ssse3, sse4.1, sse4.2, popcnt, avx, avx2, aes, clmul, erms, 3dnowpref, lzcnt, tsc, tscinvbit, bmi1, bmi2, adx

Memory: 4k page, physical 8270868k(1323240k free), swap 9294868k(5300k free)

vm_info: Java HotSpot(TM) 64-Bit Server VM (25.211-b12) for windows-amd64 JRE (1.8.0_211-b12), built on Apr  1 2019 20:53:26 by "java_re" with MS VC++ 10.0 (VS2010)

time: Sun May 24 13:33:12 2020
timezone: Malay Peninsula Standard Time
elapsed time: 0 seconds (0d 0h 0m 0s)

