#
# There is insufficient memory for the Java Runtime Environment to continue.
# Native memory allocation (malloc) failed to allocate 32744 bytes for ChunkPool::allocate
# Possible reasons:
#   The system is out of physical RAM or swap space
#   The process is running with CompressedOops enabled, and the Java Heap may be blocking the growth of the native heap
# Possible solutions:
#   Reduce memory load on the system
#   Increase physical memory or swap space
#   Check if swap backing store is full
#   Decrease Java heap size (-Xmx/-Xms)
#   Decrease number of Java threads
#   Decrease Java thread stack sizes (-Xss)
#   Set larger code cache with -XX:ReservedCodeCacheSize=
#   JVM is running with Unscaled Compressed Oops mode in which the Java heap is
#     placed in the first 4GB address space. The Java Heap base address is the
#     maximum limit for the native heap growth. Please use -XX:HeapBaseMinAddress
#     to set the Java Heap base and to place the Java Heap above 4GB virtual address.
# This output file may be truncated or incomplete.
#
#  Out of Memory Error (allocation.cpp:272), pid=2868, tid=0x0000000000001f58
#
# JRE version: Java(TM) SE Runtime Environment (8.0_211-b12) (build 1.8.0_211-b12)
# Java VM: Java HotSpot(TM) 64-Bit Server VM (25.211-b12 mixed mode windows-amd64 compressed oops)
# Failed to write core dump. Minidumps are not enabled by default on client versions of Windows
#

---------------  T H R E A D  ---------------

Current thread (0x000000001445a800):  JavaThread "C2 CompilerThread0" daemon [_thread_in_native, id=8024, stack(0x0000000015ab0000,0x0000000015bb0000)]

Stack: [0x0000000015ab0000,0x0000000015bb0000]
[error occurred during error reporting (printing stack bounds), id 0xc0000005]

Native frames: (J=compiled Java code, j=interpreted, Vv=VM code, C=native code)


Current CompileTask:
C2:   5730 1922       4       java.net.URLClassLoader$1::run (5 bytes)


---------------  P R O C E S S  ---------------

Java Threads: ( => current thread )
  0x00000000180a8000 JavaThread "Cache worker for file hash cache (C:\ctydelivery\android\.gradle\6.0.1\fileHashes)" [_thread_blocked, id=8236, stack(0x000000001b3a0000,0x000000001b4a0000)]
  0x00000000180a6800 JavaThread "Cache worker for journal cache (C:\Users\Miklos\.gradle\caches\journal-1)" [_thread_blocked, id=7780, stack(0x0000000019fd0000,0x000000001a0d0000)]
  0x00000000180a6000 JavaThread "File lock request listener" [_thread_in_native, id=11396, stack(0x0000000019ed0000,0x0000000019fd0000)]
  0x00000000180a7800 JavaThread "Cache worker for file hash cache (C:\Users\Miklos\.gradle\caches\6.0.1\fileHashes)" [_thread_blocked, id=1252, stack(0x0000000019dd0000,0x0000000019ed0000)]
  0x0000000017fda800 JavaThread "Thread-9" [_thread_blocked, id=5020, stack(0x0000000019cd0000,0x0000000019dd0000)]
  0x0000000017fd9800 JavaThread "Stdin handler" [_thread_blocked, id=6268, stack(0x0000000019bd0000,0x0000000019cd0000)]
  0x0000000017fd6800 JavaThread "Asynchronous log dispatcher for DefaultDaemonConnection: socket connection from /127.0.0.1:54987 to /127.0.0.1:54988" [_thread_blocked, id=10900, stack(0x0000000019ad0000,0x0000000019bd0000)]
  0x0000000017fdb800 JavaThread "Daemon worker" [_thread_in_native, id=1664, stack(0x00000000197d0000,0x00000000198d0000)]
  0x0000000017fc2000 JavaThread "Cancel handler" [_thread_blocked, id=3560, stack(0x00000000196d0000,0x00000000197d0000)]
  0x0000000017fbe800 JavaThread "Handler for socket connection from /127.0.0.1:54987 to /127.0.0.1:54988" [_thread_in_native, id=4472, stack(0x00000000195d0000,0x00000000196d0000)]
  0x0000000017fb8800 JavaThread "Daemon" [_thread_blocked, id=4056, stack(0x00000000194d0000,0x00000000195d0000)]
  0x0000000017f4f800 JavaThread "Daemon periodic checks" [_thread_blocked, id=1744, stack(0x00000000193d0000,0x00000000194d0000)]
  0x0000000017f4d000 JavaThread "Incoming local TCP Connector on port 54987" [_thread_in_native, id=3896, stack(0x0000000019190000,0x0000000019290000)]
  0x0000000017e6f800 JavaThread "Daemon health stats" [_thread_blocked, id=4932, stack(0x0000000018b50000,0x0000000018c50000)]
  0x0000000015ddc800 JavaThread "Service Thread" daemon [_thread_blocked, id=3520, stack(0x00000000161b0000,0x00000000162b0000)]
  0x0000000014491000 JavaThread "C1 CompilerThread2" daemon [_thread_blocked, id=11928, stack(0x0000000015cb0000,0x0000000015db0000)]
  0x000000001446a000 JavaThread "C2 CompilerThread1" daemon [_thread_in_native, id=7044, stack(0x0000000015bb0000,0x0000000015cb0000)]
=>0x000000001445a800 JavaThread "C2 CompilerThread0" daemon [_thread_in_native, id=8024, stack(0x0000000015ab0000,0x0000000015bb0000)]
  0x0000000014469000 JavaThread "Attach Listener" daemon [_thread_blocked, id=8924, stack(0x00000000159b0000,0x0000000015ab0000)]
  0x0000000014468000 JavaThread "Signal Dispatcher" daemon [_thread_blocked, id=7120, stack(0x00000000158b0000,0x00000000159b0000)]
  0x0000000002faa800 JavaThread "Finalizer" daemon [_thread_blocked, id=2888, stack(0x00000000156b0000,0x00000000157b0000)]
  0x0000000002fa1800 JavaThread "Reference Handler" daemon [_thread_blocked, id=5332, stack(0x00000000155b0000,0x00000000156b0000)]
  0x000000000303e800 JavaThread "main" [_thread_blocked, id=2400, stack(0x0000000002d60000,0x0000000002e60000)]

Other Threads:
  0x0000000014427000 VMThread [stack: 0x00000000154b0000,0x00000000155b0000] [id=2680]
  0x0000000015ddd800 WatcherThread [stack: 0x00000000162b0000,0x00000000163b0000] [id=12260]

VM state:not at safepoint (normal execution)

VM Mutex/Monitor currently owned by a thread: None

heap address: 0x00000000e0000000, size: 512 MB, Compressed Oops mode: 32-bit
Narrow klass base: 0x0000000000000000, Narrow klass shift: 3
Compressed class space size: 1073741824 Address: 0x0000000100000000

Heap:
 PSYoungGen      total 140800K, used 30744K [0x00000000f5580000, 0x00000000fe980000, 0x0000000100000000)
  eden space 130048K, 23% used [0x00000000f5580000,0x00000000f73862d8,0x00000000fd480000)
  from space 10752K, 0% used [0x00000000fd480000,0x00000000fd480000,0x00000000fdf00000)
  to   space 10752K, 0% used [0x00000000fdf00000,0x00000000fdf00000,0x00000000fe980000)
 ParOldGen       total 175104K, used 11858K [0x00000000e0000000, 0x00000000eab00000, 0x00000000f5580000)
  object space 175104K, 6% used [0x00000000e0000000,0x00000000e0b94b98,0x00000000eab00000)
 Metaspace       used 25587K, capacity 26048K, committed 26240K, reserved 1071104K
  class space    used 3523K, capacity 3664K, committed 3712K, reserved 1048576K

Card table byte_map: [0x0000000012400000,0x0000000012510000] byte_map_base: 0x0000000011d00000

Marking Bits: (ParMarkBitMap*) 0x000000006ee05ce0
 Begin Bits: [0x00000000129c0000, 0x00000000131c0000)
 End Bits:   [0x00000000131c0000, 0x00000000139c0000)

Polling page: 0x0000000001700000

CodeCache: size=245760Kb used=8029Kb max_used=8029Kb free=237730Kb
 bounds [0x0000000003040000, 0x0000000003820000, 0x0000000012040000]
 total_blobs=2657 nmethods=1995 adapters=574
 compilation: enabled

Compilation events (10 events):
Event: 5.681 Thread 0x0000000014491000 1997       3       java.net.URLClassLoader::access$100 (7 bytes)
Event: 5.681 Thread 0x0000000014491000 nmethod 1997 0x0000000003814b50 code [0x0000000003814cc0, 0x0000000003814e28]
Event: 5.686 Thread 0x0000000014491000 1998       3       java.lang.reflect.Constructor::getParameterTypes (11 bytes)
Event: 5.686 Thread 0x0000000014491000 nmethod 1998 0x0000000003814f10 code [0x0000000003815080, 0x0000000003815388]
Event: 5.686 Thread 0x0000000014491000 1999       3       groovyjarjarasm.asm.SymbolTable::get (13 bytes)
Event: 5.687 Thread 0x0000000014491000 nmethod 1999 0x0000000003815450 code [0x00000000038155a0, 0x0000000003815730]
Event: 5.690 Thread 0x0000000014491000 2000       3       java.lang.Class::privateGetPublicMethods (267 bytes)
Event: 5.692 Thread 0x0000000014491000 nmethod 2000 0x0000000003815810 code [0x0000000003815c00, 0x0000000003817988]
Event: 5.703 Thread 0x0000000014491000 2001       3       java.lang.String::regionMatches (149 bytes)
Event: 5.704 Thread 0x0000000014491000 nmethod 2001 0x0000000003818c90 code [0x0000000003818ee0, 0x0000000003819b98]

GC Heap History (8 events):
Event: 1.374 GC heap before
{Heap before GC invocations=1 (full 0):
 PSYoungGen      total 76288K, used 65536K [0x00000000f5580000, 0x00000000faa80000, 0x0000000100000000)
  eden space 65536K, 100% used [0x00000000f5580000,0x00000000f9580000,0x00000000f9580000)
  from space 10752K, 0% used [0x00000000fa000000,0x00000000fa000000,0x00000000faa80000)
  to   space 10752K, 0% used [0x00000000f9580000,0x00000000f9580000,0x00000000fa000000)
 ParOldGen       total 175104K, used 0K [0x00000000e0000000, 0x00000000eab00000, 0x00000000f5580000)
  object space 175104K, 0% used [0x00000000e0000000,0x00000000e0000000,0x00000000eab00000)
 Metaspace       used 7001K, capacity 7168K, committed 7424K, reserved 1056768K
  class space    used 884K, capacity 948K, committed 1024K, reserved 1048576K
Event: 1.391 GC heap after
Heap after GC invocations=1 (full 0):
 PSYoungGen      total 76288K, used 5632K [0x00000000f5580000, 0x00000000fea80000, 0x0000000100000000)
  eden space 65536K, 0% used [0x00000000f5580000,0x00000000f5580000,0x00000000f9580000)
  from space 10752K, 52% used [0x00000000f9580000,0x00000000f9b000c0,0x00000000fa000000)
  to   space 10752K, 0% used [0x00000000fe000000,0x00000000fe000000,0x00000000fea80000)
 ParOldGen       total 175104K, used 8K [0x00000000e0000000, 0x00000000eab00000, 0x00000000f5580000)
  object space 175104K, 0% used [0x00000000e0000000,0x00000000e0002000,0x00000000eab00000)
 Metaspace       used 7001K, capacity 7168K, committed 7424K, reserved 1056768K
  class space    used 884K, capacity 948K, committed 1024K, reserved 1048576K
}
Event: 3.498 GC heap before
{Heap before GC invocations=2 (full 0):
 PSYoungGen      total 76288K, used 71168K [0x00000000f5580000, 0x00000000fea80000, 0x0000000100000000)
  eden space 65536K, 100% used [0x00000000f5580000,0x00000000f9580000,0x00000000f9580000)
  from space 10752K, 52% used [0x00000000f9580000,0x00000000f9b000c0,0x00000000fa000000)
  to   space 10752K, 0% used [0x00000000fe000000,0x00000000fe000000,0x00000000fea80000)
 ParOldGen       total 175104K, used 8K [0x00000000e0000000, 0x00000000eab00000, 0x00000000f5580000)
  object space 175104K, 0% used [0x00000000e0000000,0x00000000e0002000,0x00000000eab00000)
 Metaspace       used 14317K, capacity 14670K, committed 14976K, reserved 1062912K
  class space    used 2046K, capacity 2165K, committed 2176K, reserved 1048576K
Event: 3.511 GC heap after
Heap after GC invocations=2 (full 0):
 PSYoungGen      total 139776K, used 9505K [0x00000000f5580000, 0x00000000fe980000, 0x0000000100000000)
  eden space 130048K, 0% used [0x00000000f5580000,0x00000000f5580000,0x00000000fd480000)
  from space 9728K, 97% used [0x00000000fe000000,0x00000000fe9486a8,0x00000000fe980000)
  to   space 10752K, 0% used [0x00000000fd480000,0x00000000fd480000,0x00000000fdf00000)
 ParOldGen       total 175104K, used 16K [0x00000000e0000000, 0x00000000eab00000, 0x00000000f5580000)
  object space 175104K, 0% used [0x00000000e0000000,0x00000000e0004000,0x00000000eab00000)
 Metaspace       used 14317K, capacity 14670K, committed 14976K, reserved 1062912K
  class space    used 2046K, capacity 2165K, committed 2176K, reserved 1048576K
}
Event: 4.817 GC heap before
{Heap before GC invocations=3 (full 0):
 PSYoungGen      total 139776K, used 74408K [0x00000000f5580000, 0x00000000fe980000, 0x0000000100000000)
  eden space 130048K, 49% used [0x00000000f5580000,0x00000000f94e1960,0x00000000fd480000)
  from space 9728K, 97% used [0x00000000fe000000,0x00000000fe9486a8,0x00000000fe980000)
  to   space 10752K, 0% used [0x00000000fd480000,0x00000000fd480000,0x00000000fdf00000)
 ParOldGen       total 175104K, used 16K [0x00000000e0000000, 0x00000000eab00000, 0x00000000f5580000)
  object space 175104K, 0% used [0x00000000e0000000,0x00000000e0004000,0x00000000eab00000)
 Metaspace       used 20676K, capacity 21100K, committed 21296K, reserved 1067008K
  class space    used 3005K, capacity 3172K, committed 3200K, reserved 1048576K
Event: 4.828 GC heap after
Heap after GC invocations=3 (full 0):
 PSYoungGen      total 140800K, used 10746K [0x00000000f5580000, 0x00000000fe980000, 0x0000000100000000)
  eden space 130048K, 0% used [0x00000000f5580000,0x00000000f5580000,0x00000000fd480000)
  from space 10752K, 99% used [0x00000000fd480000,0x00000000fdefe940,0x00000000fdf00000)
  to   space 10752K, 0% used [0x00000000fdf00000,0x00000000fdf00000,0x00000000fe980000)
 ParOldGen       total 175104K, used 1564K [0x00000000e0000000, 0x00000000eab00000, 0x00000000f5580000)
  object space 175104K, 0% used [0x00000000e0000000,0x00000000e0187020,0x00000000eab00000)
 Metaspace       used 20676K, capacity 21100K, committed 21296K, reserved 1067008K
  class space    used 3005K, capacity 3172K, committed 3200K, reserved 1048576K
}
Event: 4.828 GC heap before
{Heap before GC invocations=4 (full 1):
 PSYoungGen      total 140800K, used 10746K [0x00000000f5580000, 0x00000000fe980000, 0x0000000100000000)
  eden space 130048K, 0% used [0x00000000f5580000,0x00000000f5580000,0x00000000fd480000)
  from space 10752K, 99% used [0x00000000fd480000,0x00000000fdefe940,0x00000000fdf00000)
  to   space 10752K, 0% used [0x00000000fdf00000,0x00000000fdf00000,0x00000000fe980000)
 ParOldGen       total 175104K, used 1564K [0x00000000e0000000, 0x00000000eab00000, 0x00000000f5580000)
  object space 175104K, 0% used [0x00000000e0000000,0x00000000e0187020,0x00000000eab00000)
 Metaspace       used 20676K, capacity 21100K, committed 21296K, reserved 1067008K
  class space    used 3005K, capacity 3172K, committed 3200K, reserved 1048576K
Event: 5.030 GC heap after
Heap after GC invocations=4 (full 1):
 PSYoungGen      total 140800K, used 0K [0x00000000f5580000, 0x00000000fe980000, 0x0000000100000000)
  eden space 130048K, 0% used [0x00000000f5580000,0x00000000f5580000,0x00000000fd480000)
  from space 10752K, 0% used [0x00000000fd480000,0x00000000fd480000,0x00000000fdf00000)
  to   space 10752K, 0% used [0x00000000fdf00000,0x00000000fdf00000,0x00000000fe980000)
 ParOldGen       total 175104K, used 11858K [0x00000000e0000000, 0x00000000eab00000, 0x00000000f5580000)
  object space 175104K, 6% used [0x00000000e0000000,0x00000000e0b94b98,0x00000000eab00000)
 Metaspace       used 20676K, capacity 21100K, committed 21296K, reserved 1067008K
  class space    used 3005K, capacity 3172K, committed 3200K, reserved 1048576K
}

Deoptimization events (10 events):
Event: 3.981 Thread 0x0000000017fdb800 Uncommon trap: reason=unstable_if action=reinterpret pc=0x00000000031c0cc8 method=java.net.URI.match(CJJ)Z @ 19
Event: 3.982 Thread 0x0000000017fdb800 Uncommon trap: reason=unstable_if action=reinterpret pc=0x00000000032ac740 method=java.net.URI.match(CJJ)Z @ 19
Event: 3.982 Thread 0x0000000017fdb800 Uncommon trap: reason=unstable_if action=reinterpret pc=0x00000000031bdc48 method=java.net.URI.match(CJJ)Z @ 19
Event: 4.120 Thread 0x0000000017fdb800 Uncommon trap: reason=unstable_if action=reinterpret pc=0x000000000332e310 method=java.io.File.getName()Ljava/lang/String; @ 16
Event: 5.431 Thread 0x0000000017fdb800 Uncommon trap: reason=class_check action=maybe_recompile pc=0x0000000003648538 method=sun.misc.URLClassPath.getLoader(I)Lsun/misc/URLClassPath$Loader; @ 94
Event: 5.431 Thread 0x0000000017fdb800 Uncommon trap: reason=class_check action=maybe_recompile pc=0x0000000003589be0 method=sun.misc.URLClassPath.getResource(Ljava/lang/String;Z)Lsun/misc/Resource; @ 62
Event: 5.431 Thread 0x0000000017fdb800 Uncommon trap: reason=unstable_if action=reinterpret pc=0x0000000003635778 method=java.lang.String.regionMatches(ZILjava/lang/String;II)Z @ 41
Event: 5.434 Thread 0x0000000017fdb800 Uncommon trap: reason=unstable_if action=reinterpret pc=0x0000000003502304 method=java.lang.ClassLoader.getClassLoadingLock(Ljava/lang/String;)Ljava/lang/Object; @ 6
Event: 5.460 Thread 0x0000000017fdb800 Uncommon trap: reason=class_check action=maybe_recompile pc=0x000000000364881c method=sun.misc.URLClassPath.getLoader(I)Lsun/misc/URLClassPath$Loader; @ 239
Event: 5.467 Thread 0x0000000017fdb800 Uncommon trap: reason=class_check action=maybe_recompile pc=0x000000000364881c method=sun.misc.URLClassPath.getLoader(I)Lsun/misc/URLClassPath$Loader; @ 239

Classes redefined (0 events):
No events

Internal exceptions (10 events):
Event: 5.527 Thread 0x0000000017fdb800 Exception <a 'java/lang/ClassNotFoundException': org/gradle/initialization/DefaultSettings_DecoratedBeanInfo> (0x00000000f6730fc8) thrown at [C:\re\workspace\8-2-build-windows-amd64-cygwin\jdk8u211\12973\hotspot\src\share\vm\classfile\systemDictionary.cpp
Event: 5.528 Thread 0x0000000017fdb800 Exception <a 'java/lang/ClassNotFoundException': org/gradle/initialization/DefaultSettingsBeanInfo> (0x00000000f675ca78) thrown at [C:\re\workspace\8-2-build-windows-amd64-cygwin\jdk8u211\12973\hotspot\src\share\vm\classfile\systemDictionary.cpp, line 210
Event: 5.528 Thread 0x0000000017fdb800 Exception <a 'java/lang/ClassNotFoundException': org/gradle/api/internal/project/AbstractPluginAwareBeanInfo> (0x00000000f678ebd0) thrown at [C:\re\workspace\8-2-build-windows-amd64-cygwin\jdk8u211\12973\hotspot\src\share\vm\classfile\systemDictionary.cpp
Event: 5.529 Thread 0x0000000017fdb800 Exception <a 'java/lang/ClassNotFoundException': org/gradle/api/internal/project/AbstractPluginAwareCustomizer> (0x00000000f67c1b00) thrown at [C:\re\workspace\8-2-build-windows-amd64-cygwin\jdk8u211\12973\hotspot\src\share\vm\classfile\systemDictionary.c
Event: 5.530 Thread 0x0000000017fdb800 Exception <a 'java/lang/ClassNotFoundException': org/gradle/initialization/DefaultSettingsCustomizer> (0x00000000f67f7128) thrown at [C:\re\workspace\8-2-build-windows-amd64-cygwin\jdk8u211\12973\hotspot\src\share\vm\classfile\systemDictionary.cpp, line 2
Event: 5.537 Thread 0x0000000017fdb800 Exception <a 'java/lang/ClassNotFoundException': org/gradle/initialization/DefaultSettings_DecoratedCustomizer> (0x00000000f6865248) thrown at [C:\re\workspace\8-2-build-windows-amd64-cygwin\jdk8u211\12973\hotspot\src\share\vm\classfile\systemDictionary.c
Event: 5.548 Thread 0x0000000017fdb800 Exception <a 'java/lang/ClassNotFoundException': org/gradle/initialization/DefaultProjectDescriptorBeanInfo> (0x00000000f6938088) thrown at [C:\re\workspace\8-2-build-windows-amd64-cygwin\jdk8u211\12973\hotspot\src\share\vm\classfile\systemDictionary.cpp,
Event: 5.548 Thread 0x0000000017fdb800 Exception <a 'java/lang/ClassNotFoundException': org/gradle/initialization/DefaultProjectDescriptorCustomizer> (0x00000000f6968de0) thrown at [C:\re\workspace\8-2-build-windows-amd64-cygwin\jdk8u211\12973\hotspot\src\share\vm\classfile\systemDictionary.cp
Event: 5.693 Thread 0x0000000017fdb800 Exception <a 'java/lang/ClassNotFoundException': org/gradle/api/internal/plugins/DefaultObjectConfigurationActionBeanInfo> (0x00000000f700e418) thrown at [C:\re\workspace\8-2-build-windows-amd64-cygwin\jdk8u211\12973\hotspot\src\share\vm\classfile\systemD
Event: 5.694 Thread 0x0000000017fdb800 Exception <a 'java/lang/ClassNotFoundException': org/gradle/api/internal/plugins/DefaultObjectConfigurationActionCustomizer> (0x00000000f7046540) thrown at [C:\re\workspace\8-2-build-windows-amd64-cygwin\jdk8u211\12973\hotspot\src\share\vm\classfile\syste

Events (10 events):
Event: 5.724 loading class org/apache/commons/logging/impl/SLF4JLocationAwareLog
Event: 5.724 loading class org/apache/commons/logging/impl/SLF4JLocationAwareLog done
Event: 5.726 loading class org/apache/commons/logging/Log
Event: 5.726 loading class org/apache/commons/logging/Log done
Event: 5.727 loading class org/apache/commons/logging/impl/SLF4JLog
Event: 5.727 loading class org/apache/commons/logging/impl/SLF4JLog done
Event: 5.727 loading class org/slf4j/spi/LocationAwareLogger
Event: 5.727 loading class org/slf4j/spi/LocationAwareLogger done
Event: 5.728 loading class org/gradle/internal/resource/transport/http/HttpResourceAccessor
Event: 5.728 loading class org/gradle/internal/resource/transport/http/HttpResourceAccessor done


Dynamic libraries:
0x00007ff6e9df0000 - 0x00007ff6e9e27000 	C:\Program Files\Java\jdk1.8.0_211\bin\java.exe
0x00007ffeeeaa0000 - 0x00007ffeeec90000 	C:\Windows\SYSTEM32\ntdll.dll
0x00007ffeed400000 - 0x00007ffeed4b2000 	C:\Windows\System32\KERNEL32.DLL
0x00007ffeec480000 - 0x00007ffeec724000 	C:\Windows\System32\KERNELBASE.dll
0x00007ffeed5e0000 - 0x00007ffeed683000 	C:\Windows\System32\ADVAPI32.dll
0x00007ffeee580000 - 0x00007ffeee61e000 	C:\Windows\System32\msvcrt.dll
0x00007ffeed8c0000 - 0x00007ffeed957000 	C:\Windows\System32\sechost.dll
0x00007ffeed040000 - 0x00007ffeed160000 	C:\Windows\System32\RPCRT4.dll
0x00007ffeee0c0000 - 0x00007ffeee254000 	C:\Windows\System32\USER32.dll
0x00007ffeec9d0000 - 0x00007ffeec9f1000 	C:\Windows\System32\win32u.dll
0x00007ffeee620000 - 0x00007ffeee646000 	C:\Windows\System32\GDI32.dll
0x00007ffeec780000 - 0x00007ffeec914000 	C:\Windows\System32\gdi32full.dll
0x00007ffeec3e0000 - 0x00007ffeec47e000 	C:\Windows\System32\msvcp_win.dll
0x00007ffeeca50000 - 0x00007ffeecb4a000 	C:\Windows\System32\ucrtbase.dll
0x00007ffedc750000 - 0x00007ffedc9d4000 	C:\Windows\WinSxS\amd64_microsoft.windows.common-controls_6595b64144ccf1df_6.0.18362.836_none_e6c4b943130f18ed\COMCTL32.dll
0x00007ffeee650000 - 0x00007ffeee986000 	C:\Windows\System32\combase.dll
0x00007ffeec360000 - 0x00007ffeec3e0000 	C:\Windows\System32\bcryptPrimitives.dll
0x00007ffeee540000 - 0x00007ffeee56e000 	C:\Windows\System32\IMM32.DLL
0x000000006ee90000 - 0x000000006ef62000 	C:\Program Files\Java\jdk1.8.0_211\jre\bin\msvcr100.dll
0x000000006e5e0000 - 0x000000006ee85000 	C:\Program Files\Java\jdk1.8.0_211\jre\bin\server\jvm.dll
0x00007ffeee570000 - 0x00007ffeee578000 	C:\Windows\System32\PSAPI.DLL
0x00007ffee8200000 - 0x00007ffee8209000 	C:\Windows\SYSTEM32\WSOCK32.dll
0x00007ffee9a60000 - 0x00007ffee9a84000 	C:\Windows\SYSTEM32\WINMM.dll
0x00007ffeed570000 - 0x00007ffeed5df000 	C:\Windows\System32\WS2_32.dll
0x00007ffee7680000 - 0x00007ffee768a000 	C:\Windows\SYSTEM32\VERSION.dll
0x00007ffee99e0000 - 0x00007ffee9a0d000 	C:\Windows\SYSTEM32\WINMMBASE.dll
0x00007ffeeca00000 - 0x00007ffeeca4a000 	C:\Windows\System32\cfgmgr32.dll
0x00007ffee5f90000 - 0x00007ffee5f9f000 	C:\Program Files\Java\jdk1.8.0_211\jre\bin\verify.dll
0x00007ffee5f60000 - 0x00007ffee5f89000 	C:\Program Files\Java\jdk1.8.0_211\jre\bin\java.dll
0x00007ffee5f40000 - 0x00007ffee5f56000 	C:\Program Files\Java\jdk1.8.0_211\jre\bin\zip.dll
0x00007ffeed960000 - 0x00007ffeee044000 	C:\Windows\System32\SHELL32.dll
0x00007ffeed4c0000 - 0x00007ffeed569000 	C:\Windows\System32\shcore.dll
0x00007ffeebbe0000 - 0x00007ffeec35e000 	C:\Windows\System32\windows.storage.dll
0x00007ffeeb970000 - 0x00007ffeeb993000 	C:\Windows\System32\profapi.dll
0x00007ffeeb9a0000 - 0x00007ffeeb9ea000 	C:\Windows\System32\powrprof.dll
0x00007ffeeb960000 - 0x00007ffeeb970000 	C:\Windows\System32\UMPDC.dll
0x00007ffeed160000 - 0x00007ffeed1b2000 	C:\Windows\System32\shlwapi.dll
0x00007ffeeba10000 - 0x00007ffeeba21000 	C:\Windows\System32\kernel.appcore.dll
0x00007ffeec760000 - 0x00007ffeec777000 	C:\Windows\System32\cryptsp.dll
0x00007ffed4e30000 - 0x00007ffed4e4a000 	C:\Program Files\Java\jdk1.8.0_211\jre\bin\net.dll
0x00007ffedaba0000 - 0x00007ffedad76000 	C:\Windows\SYSTEM32\urlmon.dll
0x00007ffeda150000 - 0x00007ffeda3f6000 	C:\Windows\SYSTEM32\iertutil.dll
0x00007ffeeb3a0000 - 0x00007ffeeb3ac000 	C:\Windows\SYSTEM32\CRYPTBASE.DLL
0x00007ffeeb1d0000 - 0x00007ffeeb237000 	C:\Windows\system32\mswsock.dll
0x00007ffed4e10000 - 0x00007ffed4e22000 	C:\Program Files\Java\jdk1.8.0_211\jre\bin\nio.dll
0x00007ffeb36a0000 - 0x00007ffeb36c6000 	C:\Users\Miklos\.gradle\native\30\windows-amd64\native-platform.dll
0x00007ffeda480000 - 0x00007ffeda48d000 	C:\Program Files\Java\jdk1.8.0_211\jre\bin\management.dll
0x00007ffeead40000 - 0x00007ffeead73000 	C:\Windows\system32\rsaenh.dll
0x00007ffeec730000 - 0x00007ffeec756000 	C:\Windows\System32\bcrypt.dll
0x00007ffeeb850000 - 0x00007ffeeb875000 	C:\Windows\SYSTEM32\USERENV.dll
0x00007ffeeaee0000 - 0x00007ffeeaf1a000 	C:\Windows\SYSTEM32\IPHLPAPI.DLL
0x00007ffeee3f0000 - 0x00007ffeee3f8000 	C:\Windows\System32\NSI.dll
0x00007ffee3db0000 - 0x00007ffee3dc6000 	C:\Windows\SYSTEM32\dhcpcsvc6.DLL
0x00007ffee5580000 - 0x00007ffee559c000 	C:\Windows\SYSTEM32\dhcpcsvc.DLL
0x00007ffeeaf20000 - 0x00007ffeeafeb000 	C:\Windows\SYSTEM32\DNSAPI.dll

VM Arguments:
jvm_args: -XX:MaxMetaspaceSize=256m -XX:+HeapDumpOnOutOfMemoryError -Xms256m -Xmx512m -Dfile.encoding=windows-1252 -Duser.country=US -Duser.language=en -Duser.variant 
java_command: org.gradle.launcher.daemon.bootstrap.GradleDaemon 6.0.1
java_class_path (initial): C:\Users\Miklos\.gradle\wrapper\dists\gradle-6.0.1-all\99d3u8wxs16ndehh90lbbir67\gradle-6.0.1\lib\gradle-launcher-6.0.1.jar
Launcher Type: SUN_STANDARD

Environment Variables:
JAVA_HOME=C:\Program Files\Java\jdk1.8.0_211
CLASSPATH=C:\ctydelivery\android\\gradle\wrapper\gradle-wrapper.jar
PATH=C:\ctydelivery\android\node_modules\.bin;C:\ctydelivery\node_modules\.bin;C:\node_modules\.bin;C:\Program Files\nodejs;C:\ctydelivery\node_modules\.bin;C:\Python27\;C:\Python27\Scripts;C:\Windows\system32;C:\Windows;C:\Windows\System32\Wbem;C:\Windows\System32\WindowsPowerShell\v1.0\;C:\Windows\System32\OpenSSH\;C:\Program Files\Git\cmd;C:\ProgramData\chocolatey\bin;C:\Program Files\nodejs\;C:\Program Files\Java\jdk1.8.0_211\bin;c:\Users\Miklos\AppData\Local\Android\Sdk\platform-tools;C:\Program Files (x86)\Yarn\bin\;C:\openssl-0.9.8k_X64\bin;C:\Users\Miklos\AppData\Local\Microsoft\WindowsApps;C:\Users\Miklos\AppData\Local\Programs\Microsoft VS Code\bin;C:\Users\Miklos\AppData\Roaming\npm;C:\Users\Miklos\AppData\Local\Yarn\bin
USERNAME=Miklos
OS=Windows_NT
PROCESSOR_IDENTIFIER=Intel64 Family 6 Model 158 Stepping 9, GenuineIntel



---------------  S Y S T E M  ---------------

OS: Windows 10.0 , 64 bit Build 18362 (10.0.18362.778)

CPU:total 4 (initial active 4) (4 cores per cpu, 1 threads per core) family 6 model 158 stepping 9, cmov, cx8, fxsr, mmx, sse, sse2, sse3, ssse3, sse4.1, sse4.2, popcnt, avx, avx2, aes, clmul, erms, 3dnowpref, lzcnt, tsc, tscinvbit, bmi1, bmi2, adx

Memory: 4k page, physical 8270868k(480868k free), swap 13380616k(3088k free)

vm_info: Java HotSpot(TM) 64-Bit Server VM (25.211-b12) for windows-amd64 JRE (1.8.0_211-b12), built on Apr  1 2019 20:53:26 by "java_re" with MS VC++ 10.0 (VS2010)

time: Sat May 23 15:34:19 2020
timezone: Malay Peninsula Standard Time
elapsed time: 5 seconds (0d 0h 0m 5s)

